#! /usr/local/Cellar/icarus-verilog/12.0/bin/vvp
:ivl_version "12.0 (stable)";
:ivl_delay_selection "TYPICAL";
:vpi_time_precision + 0;
:vpi_module "/usr/local/Cellar/icarus-verilog/12.0/lib/ivl/system.vpi";
:vpi_module "/usr/local/Cellar/icarus-verilog/12.0/lib/ivl/vhdl_sys.vpi";
:vpi_module "/usr/local/Cellar/icarus-verilog/12.0/lib/ivl/vhdl_textio.vpi";
:vpi_module "/usr/local/Cellar/icarus-verilog/12.0/lib/ivl/v2005_math.vpi";
:vpi_module "/usr/local/Cellar/icarus-verilog/12.0/lib/ivl/va_math.vpi";
S_0x7f85dc4046a0 .scope module, "thingamajig" "thingamajig" 2 1;
 .timescale 0 0;
    .port_info 0 /INPUT 4 "a";
    .port_info 1 /INPUT 4 "b";
    .port_info 2 /INPUT 4 "c";
    .port_info 3 /INPUT 2 "sel";
    .port_info 4 /OUTPUT 6 "result";
o0x7f85dc132008 .functor BUFZ 4, C4<zzzz>; HiZ drive
v0x7f85dc404980_0 .net "a", 3 0, o0x7f85dc132008;  0 drivers
o0x7f85dc132038 .functor BUFZ 4, C4<zzzz>; HiZ drive
v0x7f85dc414a00_0 .net "b", 3 0, o0x7f85dc132038;  0 drivers
o0x7f85dc132068 .functor BUFZ 4, C4<zzzz>; HiZ drive
v0x7f85dc414ab0_0 .net "c", 3 0, o0x7f85dc132068;  0 drivers
v0x7f85dc414b70_0 .var "result", 5 0;
o0x7f85dc1320c8 .functor BUFZ 2, C4<zz>; HiZ drive
v0x7f85dc414c20_0 .net "sel", 1 0, o0x7f85dc1320c8;  0 drivers
E_0x7f85dc4048c0 .event anyedge, v0x7f85dc414c20_0, v0x7f85dc404980_0, v0x7f85dc414a00_0, v0x7f85dc414ab0_0;
    .scope S_0x7f85dc4046a0;
T_0 ;
    %wait E_0x7f85dc4048c0;
    %pushi/vec4 0, 0, 6;
    %store/vec4 v0x7f85dc414b70_0, 0, 6;
    %load/vec4 v0x7f85dc414c20_0;
    %dup/vec4;
    %pushi/vec4 0, 0, 2;
    %cmp/u;
    %jmp/1 T_0.0, 6;
    %dup/vec4;
    %pushi/vec4 1, 0, 2;
    %cmp/u;
    %jmp/1 T_0.1, 6;
    %dup/vec4;
    %pushi/vec4 2, 0, 2;
    %cmp/u;
    %jmp/1 T_0.2, 6;
    %jmp T_0.3;
T_0.0 ;
    %pushi/vec4 0, 0, 2;
    %load/vec4 v0x7f85dc404980_0;
    %concat/vec4; draw_concat_vec4
    %store/vec4 v0x7f85dc414b70_0, 0, 6;
    %jmp T_0.3;
T_0.1 ;
    %pushi/vec4 0, 0, 2;
    %load/vec4 v0x7f85dc414a00_0;
    %concat/vec4; draw_concat_vec4
    %store/vec4 v0x7f85dc414b70_0, 0, 6;
    %jmp T_0.3;
T_0.2 ;
    %pushi/vec4 0, 0, 2;
    %load/vec4 v0x7f85dc414ab0_0;
    %concat/vec4; draw_concat_vec4
    %store/vec4 v0x7f85dc414b70_0, 0, 6;
    %jmp T_0.3;
T_0.3 ;
    %pop/vec4 1;
    %jmp T_0;
    .thread T_0, $push;
# The file index is used to find the file name in the following table.
:file_names 3;
    "N/A";
    "<interactive>";
    "q3.v";
